<?xml version="1.0" encoding="UTF-8"?>
<!-- Generated by org.testng.reporters.JUnitXMLReporter -->
<testsuite ignored="2" hostname="Akash" failures="0" tests="2" name="Test" time="35.533" errors="0" timestamp="2023-12-28T18:55:32 IST">
  <testcase classname="testCases.TC_001_AccountRegistrationTest" name="test_Account_Registration" time="25.368"/>
  <testcase classname="testCases.TC_002_ForgottenPassword" name="test_Forgotten_Password" time="10.129"/>
  <testcase classname="testBase.BaseClass" name="@AfterSuite tearDown" time="0.0">
    <ignored/>
  </testcase> <!-- @AfterSuite tearDown -->
  <testcase classname="testBase.BaseClass" name="@BeforeSuite setup" time="0.0">
    <ignored/>
  </testcase> <!-- @BeforeSuite setup -->
</testsuite> <!-- Test -->
