<?xml version="1.0" encoding="UTF-8"?>
<testng-results ignored="2" total="4" passed="2" failed="0" skipped="0">
  <reporter-output>
  </reporter-output>
  <suite started-at="2023-12-28T18:56:40 IST" name="Suite" finished-at="2023-12-28T18:57:16 IST" duration-ms="35753">
    <groups>
    </groups>
    <test started-at="2023-12-28T18:56:40 IST" name="Test" finished-at="2023-12-28T18:57:16 IST" duration-ms="35753">
      <class name="testCases.TC_002_ForgottenPassword">
        <test-method signature="test_Forgotten_Password()[pri:0, instance:testCases.TC_002_ForgottenPassword@18df8434]" started-at="2023-12-28T18:57:05 IST" name="test_Forgotten_Password" finished-at="2023-12-28T18:57:16 IST" duration-ms="10433" status="PASS">
          <reporter-output>
          </reporter-output>
        </test-method> <!-- test_Forgotten_Password -->
      </class> <!-- testCases.TC_002_ForgottenPassword -->
      <class name="testCases.TC_001_AccountRegistrationTest">
        <test-method is-config="true" signature="setup()[pri:0, instance:testCases.TC_001_AccountRegistrationTest@6221a451]" started-at="2023-12-28T18:56:35 IST" name="setup" finished-at="2023-12-28T18:56:40 IST" duration-ms="5301" status="PASS">
          <reporter-output>
          </reporter-output>
        </test-method> <!-- setup -->
        <test-method signature="test_Account_Registration()[pri:0, instance:testCases.TC_001_AccountRegistrationTest@6221a451]" started-at="2023-12-28T18:56:40 IST" name="test_Account_Registration" finished-at="2023-12-28T18:57:05 IST" duration-ms="25265" status="PASS">
          <reporter-output>
          </reporter-output>
        </test-method> <!-- test_Account_Registration -->
        <test-method is-config="true" signature="tearDown()[pri:0, instance:testCases.TC_001_AccountRegistrationTest@6221a451]" started-at="2023-12-28T18:57:16 IST" name="tearDown" finished-at="2023-12-28T18:57:16 IST" duration-ms="444" status="PASS">
          <reporter-output>
          </reporter-output>
        </test-method> <!-- tearDown -->
      </class> <!-- testCases.TC_001_AccountRegistrationTest -->
    </test> <!-- Test -->
  </suite> <!-- Suite -->
</testng-results>
