<?xml version="1.0" encoding="UTF-8"?>
<testng-results ignored="0" total="1" passed="1" failed="0" skipped="0">
  <reporter-output>
  </reporter-output>
  <suite started-at="2024-01-20T13:42:37 IST" name="Suite" finished-at="2024-01-20T13:43:03 IST" duration-ms="26484">
    <groups>
    </groups>
    <test started-at="2024-01-20T13:42:37 IST" name="Test" finished-at="2024-01-20T13:43:03 IST" duration-ms="26484">
      <class name="testCases.TC_001_AccountRegistrationTest">
        <test-method is-config="true" signature="setup()[pri:0, instance:testCases.TC_001_AccountRegistrationTest@235ecd9f]" started-at="2024-01-20T13:42:27 IST" name="setup" finished-at="2024-01-20T13:42:37 IST" duration-ms="9558" status="PASS">
          <reporter-output>
          </reporter-output>
        </test-method> <!-- setup -->
        <test-method signature="test_Account_Registration()[pri:0, instance:testCases.TC_001_AccountRegistrationTest@235ecd9f]" started-at="2024-01-20T13:42:37 IST" name="test_Account_Registration" finished-at="2024-01-20T13:43:03 IST" duration-ms="26440" status="PASS">
          <reporter-output>
          </reporter-output>
        </test-method> <!-- test_Account_Registration -->
        <test-method is-config="true" signature="tearDown()[pri:0, instance:testCases.TC_001_AccountRegistrationTest@235ecd9f]" started-at="2024-01-20T13:43:03 IST" name="tearDown" finished-at="2024-01-20T13:43:03 IST" duration-ms="217" status="PASS">
          <reporter-output>
          </reporter-output>
        </test-method> <!-- tearDown -->
      </class> <!-- testCases.TC_001_AccountRegistrationTest -->
    </test> <!-- Test -->
  </suite> <!-- Suite -->
</testng-results>
