<?xml version="1.0" encoding="UTF-8"?>
<testng-results ignored="2" total="4" passed="2" failed="0" skipped="0">
  <reporter-output>
  </reporter-output>
  <suite started-at="2024-01-20T20:35:19 IST" name="Suite" finished-at="2024-01-20T20:35:56 IST" duration-ms="37013">
    <groups>
    </groups>
    <test started-at="2024-01-20T20:35:19 IST" name="Test" finished-at="2024-01-20T20:35:56 IST" duration-ms="37013">
      <class name="testCases.TC_001_AccountRegistrationTest">
        <test-method is-config="true" signature="setup()[pri:0, instance:testCases.TC_001_AccountRegistrationTest@6253c26]" started-at="2024-01-20T20:35:11 IST" name="setup" finished-at="2024-01-20T20:35:19 IST" duration-ms="8309" status="PASS">
          <reporter-output>
          </reporter-output>
        </test-method> <!-- setup -->
        <test-method signature="test_Account_Registration()[pri:0, instance:testCases.TC_001_AccountRegistrationTest@6253c26]" started-at="2024-01-20T20:35:19 IST" name="test_Account_Registration" finished-at="2024-01-20T20:35:45 IST" duration-ms="26001" status="PASS">
          <reporter-output>
          </reporter-output>
        </test-method> <!-- test_Account_Registration -->
        <test-method is-config="true" signature="tearDown()[pri:0, instance:testCases.TC_001_AccountRegistrationTest@6253c26]" started-at="2024-01-20T20:35:56 IST" name="tearDown" finished-at="2024-01-20T20:35:57 IST" duration-ms="452" status="PASS">
          <reporter-output>
          </reporter-output>
        </test-method> <!-- tearDown -->
      </class> <!-- testCases.TC_001_AccountRegistrationTest -->
      <class name="testCases.TC_002_ForgottenPassword">
        <test-method signature="test_Forgotten_Password()[pri:0, instance:testCases.TC_002_ForgottenPassword@61001b64]" started-at="2024-01-20T20:35:45 IST" name="test_Forgotten_Password" finished-at="2024-01-20T20:35:56 IST" duration-ms="10958" status="PASS">
          <reporter-output>
          </reporter-output>
        </test-method> <!-- test_Forgotten_Password -->
      </class> <!-- testCases.TC_002_ForgottenPassword -->
    </test> <!-- Test -->
  </suite> <!-- Suite -->
</testng-results>
