<?xml version="1.0" encoding="UTF-8"?>
<testng-results ignored="2" total="4" passed="2" failed="0" skipped="0">
  <reporter-output>
  </reporter-output>
  <suite started-at="2023-12-28T18:54:57 IST" name="Suite" finished-at="2023-12-28T18:55:32 IST" duration-ms="35533">
    <groups>
    </groups>
    <test started-at="2023-12-28T18:54:57 IST" name="Test" finished-at="2023-12-28T18:55:32 IST" duration-ms="35533">
      <class name="testCases.TC_002_ForgottenPassword">
        <test-method signature="test_Forgotten_Password()[pri:0, instance:testCases.TC_002_ForgottenPassword@61001b64]" started-at="2023-12-28T18:55:22 IST" name="test_Forgotten_Password" finished-at="2023-12-28T18:55:32 IST" duration-ms="10129" status="PASS">
          <reporter-output>
          </reporter-output>
        </test-method> <!-- test_Forgotten_Password -->
      </class> <!-- testCases.TC_002_ForgottenPassword -->
      <class name="testCases.TC_001_AccountRegistrationTest">
        <test-method is-config="true" signature="setup()[pri:0, instance:testCases.TC_001_AccountRegistrationTest@6253c26]" started-at="2023-12-28T18:54:43 IST" name="setup" finished-at="2023-12-28T18:54:57 IST" duration-ms="14143" status="PASS">
          <reporter-output>
          </reporter-output>
        </test-method> <!-- setup -->
        <test-method signature="test_Account_Registration()[pri:0, instance:testCases.TC_001_AccountRegistrationTest@6253c26]" started-at="2023-12-28T18:54:57 IST" name="test_Account_Registration" finished-at="2023-12-28T18:55:22 IST" duration-ms="25368" status="PASS">
          <reporter-output>
          </reporter-output>
        </test-method> <!-- test_Account_Registration -->
        <test-method is-config="true" signature="tearDown()[pri:0, instance:testCases.TC_001_AccountRegistrationTest@6253c26]" started-at="2023-12-28T18:55:32 IST" name="tearDown" finished-at="2023-12-28T18:55:33 IST" duration-ms="457" status="PASS">
          <reporter-output>
          </reporter-output>
        </test-method> <!-- tearDown -->
      </class> <!-- testCases.TC_001_AccountRegistrationTest -->
    </test> <!-- Test -->
  </suite> <!-- Suite -->
</testng-results>
